<?xml version="1.0" encoding="UTF-8"?>
<beans xmlns="http://www.springframework.org/schema/beans"
	xmlns:xsi="http://www.w3.org/2001/XMLSchema-instance"
	xmlns:aop="http://www.springframework.org/schema/aop"
	xmlns:tx="http://www.springframework.org/schema/tx"
	xmlns:context="http://www.springframework.org/schema/context"
	xsi:schemaLocation="
			http://www.springframework.org/schema/beans http://www.springframework.org/schema/beans/spring-beans-3.2.xsd
			http://www.springframework.org/schema/aop http://www.springframework.org/schema/aop/spring-aop-3.2.xsd
			http://www.springframework.org/schema/tx http://www.springframework.org/schema/tx/spring-tx-3.2.xsd
			http://www.springframework.org/schema/context http://www.springframework.org/schema/context/spring-context-3.2.xsd">

	<bean id="propertyConfig"
		class="org.springframework.beans.factory.config.PropertyPlaceholderConfigurer">
		<property name="locations">
			<list>
				<value>classpath*:conf/main-setting.properties</value>
				<value>classpath*:conf/jdbc.properties</value>
			</list>
		</property>
		<property name="systemPropertiesModeName" value="SYSTEM_PROPERTIES_MODE_OVERRIDE" />
	</bean>

	<!-- 数据源 -->
	<bean id="dataSource" class="org.apache.commons.dbcp.BasicDataSource">
		<property name="driverClassName" value="${jdbc.driverClassName}" />
		<property name="url" value="${jdbc.url}" />
		<property name="username" value="${jdbc.username}" />
		<property name="password" value="${jdbc.password}" />
		<property name="initialSize" value="${jdbc.initialSize}" />
		<property name="maxActive" value="${jdbc.maxActive}" />
		<property name="maxIdle" value="${jdbc.maxIdle}" />
		<property name="minIdle" value="${jdbc.minIdle}" />
	</bean>

	<import resource="classpath*:/conf/spring/spring-hessian.xml"/>
	<import resource="classpath*:/conf/spring/spring-servlet.xml"/>
	<import resource="classpath*:/conf/spring/spring-cache.xml"/>
	<import resource="classpath*:/conf/spring/spring-da.xml"/>
	<import resource="classpath*:/conf/spring/spring-exception.xml"/>
	<import resource="classpath*:/conf/spring/spring-impl.xml"/>
	
</beans>
